# JRE version: Java(TM) SE Runtime Environment (8.0_211-b12) (build 1.8.0_211-b12)
# Java VM: Java HotSpot(TM) 64-Bit Server VM (25.211-b12 mixed mode windows-amd64 compressed oops)
Heap:
 PSYoungGen      total 76288K, used 43074K [0x000000076b400000, 0x0000000770900000, 0x00000007c0000000)
  eden space 65536K, 60% used [0x000000076b400000,0x000000076dab6a18,0x000000076f400000)
  from space 10752K, 31% used [0x000000076fe80000,0x00000007701d9df0,0x0000000770900000)
  to   space 10752K, 0% used [0x000000076f400000,0x000000076f400000,0x000000076fe80000)
 ParOldGen       total 175104K, used 26266K [0x00000006c1c00000, 0x00000006cc700000, 0x000000076b400000)
  object space 175104K, 15% used [0x00000006c1c00000,0x00000006c35a6b20,0x00000006cc700000)
 Metaspace       used 14453K, capacity 14772K, committed 15104K, reserved 1062912K
  class space    used 1642K, capacity 1738K, committed 1792K, reserved 1048576K
GC Heap History (4 events):
Event: 13.837 GC heap before
{Heap before GC invocations=1 (full 0):
 PSYoungGen      total 76288K, used 65536K [0x000000076b400000, 0x0000000770900000, 0x00000007c0000000)
  eden space 65536K, 100% used [0x000000076b400000,0x000000076f400000,0x000000076f400000)
  from space 10752K, 0% used [0x000000076fe80000,0x000000076fe80000,0x0000000770900000)
  to   space 10752K, 0% used [0x000000076f400000,0x000000076f400000,0x000000076fe80000)
 ParOldGen       total 175104K, used 0K [0x00000006c1c00000, 0x00000006cc700000, 0x000000076b400000)
  object space 175104K, 0% used [0x00000006c1c00000,0x00000006c1c00000,0x00000006cc700000)
 Metaspace       used 14169K, capacity 14532K, committed 14848K, reserved 1062912K
  class space    used 1604K, capacity 1728K, committed 1792K, reserved 1048576K
Event: 13.847 GC heap after
Heap after GC invocations=1 (full 0):
 PSYoungGen      total 76288K, used 7019K [0x000000076b400000, 0x0000000770900000, 0x00000007c0000000)
  eden space 65536K, 0% used [0x000000076b400000,0x000000076b400000,0x000000076f400000)
  from space 10752K, 65% used [0x000000076f400000,0x000000076fadadb8,0x000000076fe80000)
  to   space 10752K, 0% used [0x000000076fe80000,0x000000076fe80000,0x0000000770900000)
 ParOldGen       total 175104K, used 26258K [0x00000006c1c00000, 0x00000006cc700000, 0x000000076b400000)
  object space 175104K, 14% used [0x00000006c1c00000,0x00000006c35a4b20,0x00000006cc700000)
 Metaspace       used 14169K, capacity 14532K, committed 14848K, reserved 1062912K
  class space    used 1604K, capacity 1728K, committed 1792K, reserved 1048576K
}
Event: 1578.970 GC heap before
{Heap before GC invocations=2 (full 0):
 PSYoungGen      total 76288K, used 71090K [0x000000076b400000, 0x0000000770900000, 0x00000007c0000000)
  eden space 65536K, 97% used [0x000000076b400000,0x000000076f291ce8,0x000000076f400000)
  from space 10752K, 65% used [0x000000076f400000,0x000000076fadadb8,0x000000076fe80000)
  to   space 10752K, 0% used [0x000000076fe80000,0x000000076fe80000,0x0000000770900000)
 ParOldGen       total 175104K, used 26258K [0x00000006c1c00000, 0x00000006cc700000, 0x000000076b400000)
  object space 175104K, 14% used [0x00000006c1c00000,0x00000006c35a4b20,0x00000006cc700000)
 Metaspace       used 14377K, capacity 14702K, committed 14848K, reserved 1062912K
  class space    used 1637K, capacity 1737K, committed 1792K, reserved 1048576K
Event: 1578.974 GC heap after
Heap after GC invocations=2 (full 0):
 PSYoungGen      total 76288K, used 3431K [0x000000076b400000, 0x0000000770900000, 0x00000007c0000000)
  eden space 65536K, 0% used [0x000000076b400000,0x000000076b400000,0x000000076f400000)
  from space 10752K, 31% used [0x000000076fe80000,0x00000007701d9df0,0x0000000770900000)
  to   space 10752K, 0% used [0x000000076f400000,0x000000076f400000,0x000000076fe80000)
 ParOldGen       total 175104K, used 26266K [0x00000006c1c00000, 0x00000006cc700000, 0x000000076b400000)
  object space 175104K, 15% used [0x00000006c1c00000,0x00000006c35a6b20,0x00000006cc700000)
 Metaspace       used 14377K, capacity 14702K, committed 14848K, reserved 1062912K
  class space    used 1637K, capacity 1737K, committed 1792K, reserved 1048576K
}

