# JRE version: Java(TM) SE Runtime Environment (8.0_291-b10) (build 1.8.0_291-b10)
# Java VM: Java HotSpot(TM) Client VM (25.291-b10 mixed mode windows-x86 )
Heap:
 def new generation   total 4928K, used 2586K [0x04600000, 0x04b50000, 0x09b50000)
  eden space 4416K,  46% used [0x04600000, 0x04806b68, 0x04a50000)
  from space 512K,  99% used [0x04a50000, 0x04acffe0, 0x04ad0000)
  to   space 512K,   0% used [0x04ad0000, 0x04ad0000, 0x04b50000)
 tenured generation   total 10944K, used 3334K [0x09b50000, 0x0a600000, 0x14600000)
   the space 10944K,  30% used [0x09b50000, 0x09e91858, 0x09e91a00, 0x0a600000)
 Metaspace       used 8790K, capacity 9059K, committed 9216K, reserved 9600K
GC Heap History (10 events):
Event: 0.835 GC heap before
{Heap before GC invocations=3 (full 0):
 def new generation   total 4928K, used 4927K [0x04600000, 0x04b50000, 0x09b50000)
  eden space 4416K,  99% used [0x04600000, 0x04a4ffa8, 0x04a50000)
  from space 512K,  99% used [0x04ad0000, 0x04b4fff8, 0x04b50000)
  to   space 512K,   0% used [0x04a50000, 0x04a50000, 0x04ad0000)
 tenured generation   total 10944K, used 1245K [0x09b50000, 0x0a600000, 0x14600000)
   the space 10944K,  11% used [0x09b50000, 0x09c87548, 0x09c87600, 0x0a600000)
 Metaspace       used 4871K, capacity 5112K, committed 5248K, reserved 5504K
Event: 0.837 GC heap after
Heap after GC invocations=4 (full 0):
 def new generation   total 4928K, used 512K [0x04600000, 0x04b50000, 0x09b50000)
  eden space 4416K,   0% used [0x04600000, 0x04600000, 0x04a50000)
  from space 512K, 100% used [0x04a50000, 0x04ad0000, 0x04ad0000)
  to   space 512K,   0% used [0x04ad0000, 0x04ad0000, 0x04b50000)
 tenured generation   total 10944K, used 1672K [0x09b50000, 0x0a600000, 0x14600000)
   the space 10944K,  15% used [0x09b50000, 0x09cf2070, 0x09cf2200, 0x0a600000)
 Metaspace       used 4871K, capacity 5112K, committed 5248K, reserved 5504K
}
Event: 0.936 GC heap before
{Heap before GC invocations=4 (full 0):
 def new generation   total 4928K, used 4928K [0x04600000, 0x04b50000, 0x09b50000)
  eden space 4416K, 100% used [0x04600000, 0x04a50000, 0x04a50000)
  from space 512K, 100% used [0x04a50000, 0x04ad0000, 0x04ad0000)
  to   space 512K,   0% used [0x04ad0000, 0x04ad0000, 0x04b50000)
 tenured generation   total 10944K, used 1672K [0x09b50000, 0x0a600000, 0x14600000)
   the space 10944K,  15% used [0x09b50000, 0x09cf2070, 0x09cf2200, 0x0a600000)
 Metaspace       used 5808K, capacity 6053K, committed 6144K, reserved 6528K
Event: 0.938 GC heap after
Heap after GC invocations=5 (full 0):
 def new generation   total 4928K, used 511K [0x04600000, 0x04b50000, 0x09b50000)
  eden space 4416K,   0% used [0x04600000, 0x04600000, 0x04a50000)
  from space 512K,  99% used [0x04ad0000, 0x04b4ff70, 0x04b50000)
  to   space 512K,   0% used [0x04a50000, 0x04a50000, 0x04ad0000)
 tenured generation   total 10944K, used 2063K [0x09b50000, 0x0a600000, 0x14600000)
   the space 10944K,  18% used [0x09b50000, 0x09d53e90, 0x09d54000, 0x0a600000)
 Metaspace       used 5808K, capacity 6053K, committed 6144K, reserved 6528K
}
Event: 3.403 GC heap before
{Heap before GC invocations=5 (full 0):
 def new generation   total 4928K, used 4927K [0x04600000, 0x04b50000, 0x09b50000)
  eden space 4416K, 100% used [0x04600000, 0x04a50000, 0x04a50000)
  from space 512K,  99% used [0x04ad0000, 0x04b4ff70, 0x04b50000)
  to   space 512K,   0% used [0x04a50000, 0x04a50000, 0x04ad0000)
 tenured generation   total 10944K, used 2063K [0x09b50000, 0x0a600000, 0x14600000)
   the space 10944K,  18% used [0x09b50000, 0x09d53e90, 0x09d54000, 0x0a600000)
 Metaspace       used 6402K, capacity 6644K, committed 6784K, reserved 7552K
Event: 3.405 GC heap after
Heap after GC invocations=6 (full 0):
 def new generation   total 4928K, used 430K [0x04600000, 0x04b50000, 0x09b50000)
  eden space 4416K,   0% used [0x04600000, 0x04600000, 0x04a50000)
  from space 512K,  83% used [0x04a50000, 0x04abb828, 0x04ad0000)
  to   space 512K,   0% used [0x04ad0000, 0x04ad0000, 0x04b50000)
 tenured generation   total 10944K, used 2284K [0x09b50000, 0x0a600000, 0x14600000)
   the space 10944K,  20% used [0x09b50000, 0x09d8b360, 0x09d8b400, 0x0a600000)
 Metaspace       used 6402K, capacity 6644K, committed 6784K, reserved 7552K
}
Event: 3.523 GC heap before
{Heap before GC invocations=6 (full 0):
 def new generation   total 4928K, used 4846K [0x04600000, 0x04b50000, 0x09b50000)
  eden space 4416K, 100% used [0x04600000, 0x04a50000, 0x04a50000)
  from space 512K,  83% used [0x04a50000, 0x04abb828, 0x04ad0000)
  to   space 512K,   0% used [0x04ad0000, 0x04ad0000, 0x04b50000)
 tenured generation   total 10944K, used 2284K [0x09b50000, 0x0a600000, 0x14600000)
   the space 10944K,  20% used [0x09b50000, 0x09d8b360, 0x09d8b400, 0x0a600000)
 Metaspace       used 7081K, capacity 7343K, committed 7424K, reserved 7552K
Event: 3.526 GC heap after
Heap after GC invocations=7 (full 0):
 def new generation   total 4928K, used 512K [0x04600000, 0x04b50000, 0x09b50000)
  eden space 4416K,   0% used [0x04600000, 0x04600000, 0x04a50000)
  from space 512K, 100% used [0x04ad0000, 0x04b50000, 0x04b50000)
  to   space 512K,   0% used [0x04a50000, 0x04a50000, 0x04ad0000)
 tenured generation   total 10944K, used 2836K [0x09b50000, 0x0a600000, 0x14600000)
   the space 10944K,  25% used [0x09b50000, 0x09e15000, 0x09e15000, 0x0a600000)
 Metaspace       used 7081K, capacity 7343K, committed 7424K, reserved 7552K
}
Event: 4.081 GC heap before
{Heap before GC invocations=7 (full 0):
 def new generation   total 4928K, used 4904K [0x04600000, 0x04b50000, 0x09b50000)
  eden space 4416K,  99% used [0x04600000, 0x04a4a2d8, 0x04a50000)
  from space 512K, 100% used [0x04ad0000, 0x04b50000, 0x04b50000)
  to   space 512K,   0% used [0x04a50000, 0x04a50000, 0x04ad0000)
 tenured generation   total 10944K, used 2836K [0x09b50000, 0x0a600000, 0x14600000)
   the space 10944K,  25% used [0x09b50000, 0x09e15000, 0x09e15000, 0x0a600000)
 Metaspace       used 8129K, capacity 8372K, committed 8448K, reserved 8576K
Event: 4.083 GC heap after
Heap after GC invocations=8 (full 0):
 def new generation   total 4928K, used 511K [0x04600000, 0x04b50000, 0x09b50000)
  eden space 4416K,   0% used [0x04600000, 0x04600000, 0x04a50000)
  from space 512K,  99% used [0x04a50000, 0x04acffe0, 0x04ad0000)
  to   space 512K,   0% used [0x04ad0000, 0x04ad0000, 0x04b50000)
 tenured generation   total 10944K, used 3334K [0x09b50000, 0x0a600000, 0x14600000)
   the space 10944K,  30% used [0x09b50000, 0x09e91858, 0x09e91a00, 0x0a600000)
 Metaspace       used 8129K, capacity 8372K, committed 8448K, reserved 8576K
}

