# JRE version: Java(TM) SE Runtime Environment (8.0_211-b12) (build 1.8.0_211-b12)
# Java VM: Java HotSpot(TM) 64-Bit Server VM (25.211-b12 mixed mode windows-amd64 compressed oops)
Heap:
 PSYoungGen      total 76288K, used 29245K [0x000000076b400000, 0x0000000770900000, 0x00000007c0000000)
  eden space 65536K, 28% used [0x000000076b400000,0x000000076c6116a0,0x000000076f400000)
  from space 10752K, 99% used [0x000000076fe80000,0x00000007708fdd90,0x0000000770900000)
  to   space 10752K, 0% used [0x000000076f400000,0x000000076f400000,0x000000076fe80000)
 ParOldGen       total 175104K, used 19560K [0x00000006c1c00000, 0x00000006cc700000, 0x000000076b400000)
  object space 175104K, 11% used [0x00000006c1c00000,0x00000006c2f1a1a8,0x00000006cc700000)
 Metaspace       used 14956K, capacity 15318K, committed 15616K, reserved 1062912K
  class space    used 1662K, capacity 1771K, committed 1792K, reserved 1048576K
GC Heap History (4 events):
Event: 168.547 GC heap before
{Heap before GC invocations=1 (full 0):
 PSYoungGen      total 76288K, used 60650K [0x000000076b400000, 0x0000000770900000, 0x00000007c0000000)
  eden space 65536K, 92% used [0x000000076b400000,0x000000076ef3aa58,0x000000076f400000)
  from space 10752K, 0% used [0x000000076fe80000,0x000000076fe80000,0x0000000770900000)
  to   space 10752K, 0% used [0x000000076f400000,0x000000076f400000,0x000000076fe80000)
 ParOldGen       total 175104K, used 0K [0x00000006c1c00000, 0x00000006cc700000, 0x000000076b400000)
  object space 175104K, 0% used [0x00000006c1c00000,0x00000006c1c00000,0x00000006cc700000)
 Metaspace       used 14530K, capacity 14878K, committed 15104K, reserved 1062912K
  class space    used 1635K, capacity 1737K, committed 1792K, reserved 1048576K
Event: 168.553 GC heap after
Heap after GC invocations=1 (full 0):
 PSYoungGen      total 76288K, used 6298K [0x000000076b400000, 0x0000000770900000, 0x00000007c0000000)
  eden space 65536K, 0% used [0x000000076b400000,0x000000076b400000,0x000000076f400000)
  from space 10752K, 58% used [0x000000076f400000,0x000000076fa26988,0x000000076fe80000)
  to   space 10752K, 0% used [0x000000076fe80000,0x000000076fe80000,0x0000000770900000)
 ParOldGen       total 175104K, used 24K [0x00000006c1c00000, 0x00000006cc700000, 0x000000076b400000)
  object space 175104K, 0% used [0x00000006c1c00000,0x00000006c1c06000,0x00000006cc700000)
 Metaspace       used 14530K, capacity 14878K, committed 15104K, reserved 1062912K
  class space    used 1635K, capacity 1737K, committed 1792K, reserved 1048576K
}
Event: 246.056 GC heap before
{Heap before GC invocations=2 (full 0):
 PSYoungGen      total 76288K, used 71834K [0x000000076b400000, 0x0000000770900000, 0x00000007c0000000)
  eden space 65536K, 100% used [0x000000076b400000,0x000000076f400000,0x000000076f400000)
  from space 10752K, 58% used [0x000000076f400000,0x000000076fa26988,0x000000076fe80000)
  to   space 10752K, 0% used [0x000000076fe80000,0x000000076fe80000,0x0000000770900000)
 ParOldGen       total 175104K, used 24K [0x00000006c1c00000, 0x00000006cc700000, 0x000000076b400000)
  object space 175104K, 0% used [0x00000006c1c00000,0x00000006c1c06000,0x00000006cc700000)
 Metaspace       used 14784K, capacity 15102K, committed 15360K, reserved 1062912K
  class space    used 1653K, capacity 1769K, committed 1792K, reserved 1048576K
Event: 246.067 GC heap after
Heap after GC invocations=2 (full 0):
 PSYoungGen      total 76288K, used 10743K [0x000000076b400000, 0x0000000770900000, 0x00000007c0000000)
  eden space 65536K, 0% used [0x000000076b400000,0x000000076b400000,0x000000076f400000)
  from space 10752K, 99% used [0x000000076fe80000,0x00000007708fdd90,0x0000000770900000)
  to   space 10752K, 0% used [0x000000076f400000,0x000000076f400000,0x000000076fe80000)
 ParOldGen       total 175104K, used 19560K [0x00000006c1c00000, 0x00000006cc700000, 0x000000076b400000)
  object space 175104K, 11% used [0x00000006c1c00000,0x00000006c2f1a1a8,0x00000006cc700000)
 Metaspace       used 14784K, capacity 15102K, committed 15360K, reserved 1062912K
  class space    used 1653K, capacity 1769K, committed 1792K, reserved 1048576K
}

