# JRE version: Java(TM) SE Runtime Environment (8.0_211-b12) (build 1.8.0_211-b12)
# Java VM: Java HotSpot(TM) 64-Bit Server VM (25.211-b12 mixed mode windows-amd64 compressed oops)
Heap:
 PSYoungGen      total 279040K, used 150859K [0x000000076b400000, 0x000000077f300000, 0x00000007c0000000)
  eden space 278528K, 54% used [0x000000076b400000,0x0000000774752ec0,0x000000077c400000)
  from space 512K, 0% used [0x000000077f280000,0x000000077f280000,0x000000077f300000)
  to   space 6656K, 0% used [0x000000077e600000,0x000000077e600000,0x000000077ec80000)
 ParOldGen       total 240640K, used 82076K [0x00000006c1c00000, 0x00000006d0700000, 0x000000076b400000)
  object space 240640K, 34% used [0x00000006c1c00000,0x00000006c6c270f0,0x00000006d0700000)
 Metaspace       used 14888K, capacity 15264K, committed 15488K, reserved 1062912K
  class space    used 1676K, capacity 1794K, committed 1920K, reserved 1048576K
GC Heap History (10 events):
Event: 154.271 GC heap before
{Heap before GC invocations=14 (full 1):
 PSYoungGen      total 335360K, used 328704K [0x000000076b400000, 0x0000000780200000, 0x00000007c0000000)
  eden space 328704K, 100% used [0x000000076b400000,0x000000077f500000,0x000000077f500000)
  from space 6656K, 0% used [0x000000077fb80000,0x000000077fb80000,0x0000000780200000)
  to   space 6656K, 0% used [0x000000077f500000,0x000000077f500000,0x000000077fb80000)
 ParOldGen       total 210944K, used 82089K [0x00000006c1c00000, 0x00000006cea00000, 0x000000076b400000)
  object space 210944K, 38% used [0x00000006c1c00000,0x00000006c6c2a4e8,0x00000006cea00000)
 Metaspace       used 14714K, capacity 15104K, committed 15360K, reserved 1062912K
  class space    used 1665K, capacity 1762K, committed 1792K, reserved 1048576K
Event: 154.306 GC heap after
Heap after GC invocations=14 (full 1):
 PSYoungGen      total 318976K, used 3438K [0x000000076b400000, 0x000000077fc00000, 0x00000007c0000000)
  eden space 315392K, 0% used [0x000000076b400000,0x000000076b400000,0x000000077e800000)
  from space 3584K, 95% used [0x000000077f500000,0x000000077f85ba58,0x000000077f880000)
  to   space 3584K, 0% used [0x000000077f880000,0x000000077f880000,0x000000077fc00000)
 ParOldGen       total 264192K, used 239553K [0x00000006c1c00000, 0x00000006d1e00000, 0x000000076b400000)
  object space 264192K, 90% used [0x00000006c1c00000,0x00000006d05f06e8,0x00000006d1e00000)
 Metaspace       used 14714K, capacity 15104K, committed 15360K, reserved 1062912K
  class space    used 1665K, capacity 1762K, committed 1792K, reserved 1048576K
}
Event: 154.306 GC heap before
{Heap before GC invocations=15 (full 2):
 PSYoungGen      total 318976K, used 3438K [0x000000076b400000, 0x000000077fc00000, 0x00000007c0000000)
  eden space 315392K, 0% used [0x000000076b400000,0x000000076b400000,0x000000077e800000)
  from space 3584K, 95% used [0x000000077f500000,0x000000077f85ba58,0x000000077f880000)
  to   space 3584K, 0% used [0x000000077f880000,0x000000077f880000,0x000000077fc00000)
 ParOldGen       total 264192K, used 239553K [0x00000006c1c00000, 0x00000006d1e00000, 0x000000076b400000)
  object space 264192K, 90% used [0x00000006c1c00000,0x00000006d05f06e8,0x00000006d1e00000)
 Metaspace       used 14714K, capacity 15104K, committed 15360K, reserved 1062912K
  class space    used 1665K, capacity 1762K, committed 1792K, reserved 1048576K
Event: 154.322 GC heap after
Heap after GC invocations=15 (full 2):
 PSYoungGen      total 318976K, used 0K [0x000000076b400000, 0x000000077fc00000, 0x00000007c0000000)
  eden space 315392K, 0% used [0x000000076b400000,0x000000076b400000,0x000000077e800000)
  from space 3584K, 0% used [0x000000077f500000,0x000000077f500000,0x000000077f880000)
  to   space 3584K, 0% used [0x000000077f880000,0x000000077f880000,0x000000077fc00000)
 ParOldGen       total 240640K, used 55729K [0x00000006c1c00000, 0x00000006d0700000, 0x000000076b400000)
  object space 240640K, 23% used [0x00000006c1c00000,0x00000006c526c5d0,0x00000006d0700000)
 Metaspace       used 14714K, capacity 15104K, committed 15360K, reserved 1062912K
  class space    used 1665K, capacity 1762K, committed 1792K, reserved 1048576K
}
Event: 154.888 GC heap before
{Heap before GC invocations=16 (full 2):
 PSYoungGen      total 318976K, used 315392K [0x000000076b400000, 0x000000077fc00000, 0x00000007c0000000)
  eden space 315392K, 100% used [0x000000076b400000,0x000000077e800000,0x000000077e800000)
  from space 3584K, 0% used [0x000000077f500000,0x000000077f500000,0x000000077f880000)
  to   space 3584K, 0% used [0x000000077f880000,0x000000077f880000,0x000000077fc00000)
 ParOldGen       total 240640K, used 55729K [0x00000006c1c00000, 0x00000006d0700000, 0x000000076b400000)
  object space 240640K, 23% used [0x00000006c1c00000,0x00000006c526c5d0,0x00000006d0700000)
 Metaspace       used 14714K, capacity 15104K, committed 15360K, reserved 1062912K
  class space    used 1665K, capacity 1762K, committed 1792K, reserved 1048576K
Event: 154.889 GC heap after
Heap after GC invocations=16 (full 2):
 PSYoungGen      total 303104K, used 192K [0x000000076b400000, 0x000000077f900000, 0x00000007c0000000)
  eden space 302592K, 0% used [0x000000076b400000,0x000000076b400000,0x000000077db80000)
  from space 512K, 37% used [0x000000077f880000,0x000000077f8b0000,0x000000077f900000)
  to   space 6656K, 0% used [0x000000077ec00000,0x000000077ec00000,0x000000077f280000)
 ParOldGen       total 240640K, used 55729K [0x00000006c1c00000, 0x00000006d0700000, 0x000000076b400000)
  object space 240640K, 23% used [0x00000006c1c00000,0x00000006c526c5d0,0x00000006d0700000)
 Metaspace       used 14714K, capacity 15104K, committed 15360K, reserved 1062912K
  class space    used 1665K, capacity 1762K, committed 1792K, reserved 1048576K
}
Event: 155.317 GC heap before
{Heap before GC invocations=17 (full 2):
 PSYoungGen      total 303104K, used 302784K [0x000000076b400000, 0x000000077f900000, 0x00000007c0000000)
  eden space 302592K, 100% used [0x000000076b400000,0x000000077db80000,0x000000077db80000)
  from space 512K, 37% used [0x000000077f880000,0x000000077f8b0000,0x000000077f900000)
  to   space 6656K, 0% used [0x000000077ec00000,0x000000077ec00000,0x000000077f280000)
 ParOldGen       total 240640K, used 55729K [0x00000006c1c00000, 0x00000006d0700000, 0x000000076b400000)
  object space 240640K, 23% used [0x00000006c1c00000,0x00000006c526c5d0,0x00000006d0700000)
 Metaspace       used 14714K, capacity 15104K, committed 15360K, reserved 1062912K
  class space    used 1665K, capacity 1762K, committed 1792K, reserved 1048576K
Event: 155.320 GC heap after
Heap after GC invocations=17 (full 2):
 PSYoungGen      total 296960K, used 128K [0x000000076b400000, 0x000000077f900000, 0x00000007c0000000)
  eden space 290304K, 0% used [0x000000076b400000,0x000000076b400000,0x000000077cf80000)
  from space 6656K, 1% used [0x000000077ec00000,0x000000077ec20000,0x000000077f280000)
  to   space 6656K, 0% used [0x000000077f280000,0x000000077f280000,0x000000077f900000)
 ParOldGen       total 240640K, used 82044K [0x00000006c1c00000, 0x00000006d0700000, 0x000000076b400000)
  object space 240640K, 34% used [0x00000006c1c00000,0x00000006c6c1f0f0,0x00000006d0700000)
 Metaspace       used 14714K, capacity 15104K, committed 15360K, reserved 1062912K
  class space    used 1665K, capacity 1762K, committed 1792K, reserved 1048576K
}
Event: 155.752 GC heap before
{Heap before GC invocations=18 (full 2):
 PSYoungGen      total 296960K, used 290432K [0x000000076b400000, 0x000000077f900000, 0x00000007c0000000)
  eden space 290304K, 100% used [0x000000076b400000,0x000000077cf80000,0x000000077cf80000)
  from space 6656K, 1% used [0x000000077ec00000,0x000000077ec20000,0x000000077f280000)
  to   space 6656K, 0% used [0x000000077f280000,0x000000077f280000,0x000000077f900000)
 ParOldGen       total 240640K, used 82044K [0x00000006c1c00000, 0x00000006d0700000, 0x000000076b400000)
  object space 240640K, 34% used [0x00000006c1c00000,0x00000006c6c1f0f0,0x00000006d0700000)
 Metaspace       used 14714K, capacity 15104K, committed 15360K, reserved 1062912K
  class space    used 1665K, capacity 1762K, committed 1792K, reserved 1048576K
Event: 155.753 GC heap after
Heap after GC invocations=18 (full 2):
 PSYoungGen      total 279040K, used 0K [0x000000076b400000, 0x000000077f300000, 0x00000007c0000000)
  eden space 278528K, 0% used [0x000000076b400000,0x000000076b400000,0x000000077c400000)
  from space 512K, 0% used [0x000000077f280000,0x000000077f280000,0x000000077f300000)
  to   space 6656K, 0% used [0x000000077e600000,0x000000077e600000,0x000000077ec80000)
 ParOldGen       total 240640K, used 82076K [0x00000006c1c00000, 0x00000006d0700000, 0x000000076b400000)
  object space 240640K, 34% used [0x00000006c1c00000,0x00000006c6c270f0,0x00000006d0700000)
 Metaspace       used 14714K, capacity 15104K, committed 15360K, reserved 1062912K
  class space    used 1665K, capacity 1762K, committed 1792K, reserved 1048576K
}

