# JRE version: Java(TM) SE Runtime Environment (8.0_291-b10) (build 1.8.0_291-b10)
# Java VM: Java HotSpot(TM) Client VM (25.291-b10 mixed mode windows-x86 )
Heap:
 def new generation   total 8896K, used 1101K [0x04200000, 0x04ba0000, 0x09750000)
  eden space 7936K,  11% used [0x04200000, 0x042ed6b8, 0x049c0000)
  from space 960K,  15% used [0x04ab0000, 0x04ad5df8, 0x04ba0000)
  to   space 960K,   0% used [0x049c0000, 0x049c0000, 0x04ab0000)
 tenured generation   total 19592K, used 14474K [0x09750000, 0x0aa72000, 0x14200000)
   the space 19592K,  73% used [0x09750000, 0x0a572a58, 0x0a572c00, 0x0aa72000)
 Metaspace       used 9683K, capacity 9942K, committed 10112K, reserved 10624K
GC Heap History (10 events):
Event: 2092.531 GC heap before
{Heap before GC invocations=52 (full 11):
 def new generation   total 8896K, used 4819K [0x04200000, 0x04ba0000, 0x09750000)
  eden space 7936K,  60% used [0x04200000, 0x046af738, 0x049c0000)
  from space 960K,   2% used [0x049c0000, 0x049c5598, 0x04ab0000)
  to   space 960K,   0% used [0x04ab0000, 0x04ab0000, 0x04ba0000)
 tenured generation   total 19592K, used 14478K [0x09750000, 0x0aa72000, 0x14200000)
   the space 19592K,  73% used [0x09750000, 0x0a5739f8, 0x0a573a00, 0x0aa72000)
 Metaspace       used 9681K, capacity 9942K, committed 10112K, reserved 10624K
Event: 2092.532 GC heap after
Heap after GC invocations=53 (full 11):
 def new generation   total 8896K, used 959K [0x04200000, 0x04ba0000, 0x09750000)
  eden space 7936K,   0% used [0x04200000, 0x04200000, 0x049c0000)
  from space 960K,  99% used [0x04ab0000, 0x04b9fef0, 0x04ba0000)
  to   space 960K,   0% used [0x049c0000, 0x049c0000, 0x04ab0000)
 tenured generation   total 19592K, used 17569K [0x09750000, 0x0aa72000, 0x14200000)
   the space 19592K,  89% used [0x09750000, 0x0a8785c8, 0x0a878600, 0x0aa72000)
 Metaspace       used 9681K, capacity 9942K, committed 10112K, reserved 10624K
}
Event: 2092.533 GC heap before
{Heap before GC invocations=53 (full 11):
 def new generation   total 8896K, used 8895K [0x04200000, 0x04ba0000, 0x09750000)
  eden space 7936K, 100% used [0x04200000, 0x049c0000, 0x049c0000)
  from space 960K,  99% used [0x04ab0000, 0x04b9fef0, 0x04ba0000)
  to   space 960K,   0% used [0x049c0000, 0x049c0000, 0x04ab0000)
 tenured generation   total 19592K, used 17569K [0x09750000, 0x0aa72000, 0x14200000)
   the space 19592K,  89% used [0x09750000, 0x0a8785c8, 0x0a878600, 0x0aa72000)
 Metaspace       used 9681K, capacity 9942K, committed 10112K, reserved 10624K
Event: 2092.544 GC heap after
Heap after GC invocations=54 (full 12):
 def new generation   total 8896K, used 0K [0x04200000, 0x04ba0000, 0x09750000)
  eden space 7936K,   0% used [0x04200000, 0x04200000, 0x049c0000)
  from space 960K,   0% used [0x049c0000, 0x049c0000, 0x04ab0000)
  to   space 960K,   0% used [0x04ab0000, 0x04ab0000, 0x04ba0000)
 tenured generation   total 19592K, used 10580K [0x09750000, 0x0aa72000, 0x14200000)
   the space 19592K,  54% used [0x09750000, 0x0a1a52a8, 0x0a1a5400, 0x0aa72000)
 Metaspace       used 9681K, capacity 9942K, committed 10112K, reserved 10624K
}
Event: 2092.576 GC heap before
{Heap before GC invocations=54 (full 12):
 def new generation   total 8896K, used 7926K [0x04200000, 0x04ba0000, 0x09750000)
  eden space 7936K,  99% used [0x04200000, 0x049bda18, 0x049c0000)
  from space 960K,   0% used [0x049c0000, 0x049c0000, 0x04ab0000)
  to   space 960K,   0% used [0x04ab0000, 0x04ab0000, 0x04ba0000)
 tenured generation   total 19592K, used 10580K [0x09750000, 0x0aa72000, 0x14200000)
   the space 19592K,  54% used [0x09750000, 0x0a1a52a8, 0x0a1a5400, 0x0aa72000)
 Metaspace       used 9681K, capacity 9942K, committed 10112K, reserved 10624K
Event: 2092.576 GC heap after
Heap after GC invocations=55 (full 12):
 def new generation   total 8896K, used 21K [0x04200000, 0x04ba0000, 0x09750000)
  eden space 7936K,   0% used [0x04200000, 0x04200000, 0x049c0000)
  from space 960K,   2% used [0x04ab0000, 0x04ab54e8, 0x04ba0000)
  to   space 960K,   0% used [0x049c0000, 0x049c0000, 0x04ab0000)
 tenured generation   total 19592K, used 14474K [0x09750000, 0x0aa72000, 0x14200000)
   the space 19592K,  73% used [0x09750000, 0x0a572a58, 0x0a572c00, 0x0aa72000)
 Metaspace       used 9681K, capacity 9942K, committed 10112K, reserved 10624K
}
Event: 2092.606 GC heap before
{Heap before GC invocations=55 (full 12):
 def new generation   total 8896K, used 7957K [0x04200000, 0x04ba0000, 0x09750000)
  eden space 7936K, 100% used [0x04200000, 0x049c0000, 0x049c0000)
  from space 960K,   2% used [0x04ab0000, 0x04ab54e8, 0x04ba0000)
  to   space 960K,   0% used [0x049c0000, 0x049c0000, 0x04ab0000)
 tenured generation   total 19592K, used 14474K [0x09750000, 0x0aa72000, 0x14200000)
   the space 19592K,  73% used [0x09750000, 0x0a572a58, 0x0a572c00, 0x0aa72000)
 Metaspace       used 9681K, capacity 9942K, committed 10112K, reserved 10624K
Event: 2092.606 GC heap after
Heap after GC invocations=56 (full 12):
 def new generation   total 8896K, used 21K [0x04200000, 0x04ba0000, 0x09750000)
  eden space 7936K,   0% used [0x04200000, 0x04200000, 0x049c0000)
  from space 960K,   2% used [0x049c0000, 0x049c54e8, 0x04ab0000)
  to   space 960K,   0% used [0x04ab0000, 0x04ab0000, 0x04ba0000)
 tenured generation   total 19592K, used 14474K [0x09750000, 0x0aa72000, 0x14200000)
   the space 19592K,  73% used [0x09750000, 0x0a572a58, 0x0a572c00, 0x0aa72000)
 Metaspace       used 9681K, capacity 9942K, committed 10112K, reserved 10624K
}
Event: 182402.959 GC heap before
{Heap before GC invocations=56 (full 12):
 def new generation   total 8896K, used 7957K [0x04200000, 0x04ba0000, 0x09750000)
  eden space 7936K, 100% used [0x04200000, 0x049c0000, 0x049c0000)
  from space 960K,   2% used [0x049c0000, 0x049c54e8, 0x04ab0000)
  to   space 960K,   0% used [0x04ab0000, 0x04ab0000, 0x04ba0000)
 tenured generation   total 19592K, used 14474K [0x09750000, 0x0aa72000, 0x14200000)
   the space 19592K,  73% used [0x09750000, 0x0a572a58, 0x0a572c00, 0x0aa72000)
 Metaspace       used 9681K, capacity 9942K, committed 10112K, reserved 10624K
Event: 182402.963 GC heap after
Heap after GC invocations=57 (full 12):
 def new generation   total 8896K, used 151K [0x04200000, 0x04ba0000, 0x09750000)
  eden space 7936K,   0% used [0x04200000, 0x04200000, 0x049c0000)
  from space 960K,  15% used [0x04ab0000, 0x04ad5df8, 0x04ba0000)
  to   space 960K,   0% used [0x049c0000, 0x049c0000, 0x04ab0000)
 tenured generation   total 19592K, used 14474K [0x09750000, 0x0aa72000, 0x14200000)
   the space 19592K,  73% used [0x09750000, 0x0a572a58, 0x0a572c00, 0x0aa72000)
 Metaspace       used 9681K, capacity 9942K, committed 10112K, reserved 10624K
}

