# JRE version: Java(TM) SE Runtime Environment (8.0_211-b12) (build 1.8.0_211-b12)
# Java VM: Java HotSpot(TM) 64-Bit Server VM (25.211-b12 mixed mode windows-amd64 compressed oops)
Heap:
 PSYoungGen      total 76288K, used 66388K [0x000000076b400000, 0x0000000770900000, 0x00000007c0000000)
  eden space 65536K, 85% used [0x000000076b400000,0x000000076eae2530,0x000000076f400000)
  from space 10752K, 94% used [0x000000076fe80000,0x0000000770872e70,0x0000000770900000)
  to   space 10752K, 0% used [0x000000076f400000,0x000000076f400000,0x000000076fe80000)
 ParOldGen       total 175104K, used 60597K [0x00000006c1c00000, 0x00000006cc700000, 0x000000076b400000)
  object space 175104K, 34% used [0x00000006c1c00000,0x00000006c572d7e8,0x00000006cc700000)
 Metaspace       used 14586K, capacity 14908K, committed 15104K, reserved 1062912K
  class space    used 1646K, capacity 1740K, committed 1792K, reserved 1048576K
GC Heap History (8 events):
Event: 14.892 GC heap before
{Heap before GC invocations=1 (full 0):
 PSYoungGen      total 76288K, used 65536K [0x000000076b400000, 0x0000000770900000, 0x00000007c0000000)
  eden space 65536K, 100% used [0x000000076b400000,0x000000076f400000,0x000000076f400000)
  from space 10752K, 0% used [0x000000076fe80000,0x000000076fe80000,0x0000000770900000)
  to   space 10752K, 0% used [0x000000076f400000,0x000000076f400000,0x000000076fe80000)
 ParOldGen       total 175104K, used 0K [0x00000006c1c00000, 0x00000006cc700000, 0x000000076b400000)
  object space 175104K, 0% used [0x00000006c1c00000,0x00000006c1c00000,0x00000006cc700000)
 Metaspace       used 14364K, capacity 14702K, committed 14848K, reserved 1062912K
  class space    used 1635K, capacity 1739K, committed 1792K, reserved 1048576K
Event: 14.902 GC heap after
Heap after GC invocations=1 (full 0):
 PSYoungGen      total 76288K, used 10732K [0x000000076b400000, 0x0000000770900000, 0x00000007c0000000)
  eden space 65536K, 0% used [0x000000076b400000,0x000000076b400000,0x000000076f400000)
  from space 10752K, 99% used [0x000000076f400000,0x000000076fe7b2a0,0x000000076fe80000)
  to   space 10752K, 0% used [0x000000076fe80000,0x000000076fe80000,0x0000000770900000)
 ParOldGen       total 175104K, used 22321K [0x00000006c1c00000, 0x00000006cc700000, 0x000000076b400000)
  object space 175104K, 12% used [0x00000006c1c00000,0x00000006c31cc648,0x00000006cc700000)
 Metaspace       used 14364K, capacity 14702K, committed 14848K, reserved 1062912K
  class space    used 1635K, capacity 1739K, committed 1792K, reserved 1048576K
}
Event: 40.607 GC heap before
{Heap before GC invocations=2 (full 0):
 PSYoungGen      total 76288K, used 69561K [0x000000076b400000, 0x0000000770900000, 0x00000007c0000000)
  eden space 65536K, 89% used [0x000000076b400000,0x000000076ed73438,0x000000076f400000)
  from space 10752K, 99% used [0x000000076f400000,0x000000076fe7b2a0,0x000000076fe80000)
  to   space 10752K, 0% used [0x000000076fe80000,0x000000076fe80000,0x0000000770900000)
 ParOldGen       total 175104K, used 22321K [0x00000006c1c00000, 0x00000006cc700000, 0x000000076b400000)
  object space 175104K, 12% used [0x00000006c1c00000,0x00000006c31cc648,0x00000006cc700000)
 Metaspace       used 14442K, capacity 14780K, committed 15104K, reserved 1062912K
  class space    used 1639K, capacity 1740K, committed 1792K, reserved 1048576K
Event: 40.609 GC heap after
Heap after GC invocations=2 (full 0):
 PSYoungGen      total 76288K, used 1520K [0x000000076b400000, 0x0000000770900000, 0x00000007c0000000)
  eden space 65536K, 0% used [0x000000076b400000,0x000000076b400000,0x000000076f400000)
  from space 10752K, 14% used [0x000000076fe80000,0x000000076fffc020,0x0000000770900000)
  to   space 10752K, 0% used [0x000000076f400000,0x000000076f400000,0x000000076fe80000)
 ParOldGen       total 175104K, used 22329K [0x00000006c1c00000, 0x00000006cc700000, 0x000000076b400000)
  object space 175104K, 12% used [0x00000006c1c00000,0x00000006c31ce648,0x00000006cc700000)
 Metaspace       used 14442K, capacity 14780K, committed 15104K, reserved 1062912K
  class space    used 1639K, capacity 1740K, committed 1792K, reserved 1048576K
}
Event: 65.667 GC heap before
{Heap before GC invocations=3 (full 0):
 PSYoungGen      total 76288K, used 67056K [0x000000076b400000, 0x0000000770900000, 0x00000007c0000000)
  eden space 65536K, 100% used [0x000000076b400000,0x000000076f400000,0x000000076f400000)
  from space 10752K, 14% used [0x000000076fe80000,0x000000076fffc020,0x0000000770900000)
  to   space 10752K, 0% used [0x000000076f400000,0x000000076f400000,0x000000076fe80000)
 ParOldGen       total 175104K, used 22329K [0x00000006c1c00000, 0x00000006cc700000, 0x000000076b400000)
  object space 175104K, 12% used [0x00000006c1c00000,0x00000006c31ce648,0x00000006cc700000)
 Metaspace       used 14461K, capacity 14780K, committed 15104K, reserved 1062912K
  class space    used 1639K, capacity 1740K, committed 1792K, reserved 1048576K
Event: 65.674 GC heap after
Heap after GC invocations=3 (full 0):
 PSYoungGen      total 76288K, used 10203K [0x000000076b400000, 0x0000000770900000, 0x00000007c0000000)
  eden space 65536K, 0% used [0x000000076b400000,0x000000076b400000,0x000000076f400000)
  from space 10752K, 94% used [0x000000076f400000,0x000000076fdf6e80,0x000000076fe80000)
  to   space 10752K, 0% used [0x000000076fe80000,0x000000076fe80000,0x0000000770900000)
 ParOldGen       total 175104K, used 42004K [0x00000006c1c00000, 0x00000006cc700000, 0x000000076b400000)
  object space 175104K, 23% used [0x00000006c1c00000,0x00000006c4505318,0x00000006cc700000)
 Metaspace       used 14461K, capacity 14780K, committed 15104K, reserved 1062912K
  class space    used 1639K, capacity 1740K, committed 1792K, reserved 1048576K
}
Event: 786.452 GC heap before
{Heap before GC invocations=4 (full 0):
 PSYoungGen      total 76288K, used 75739K [0x000000076b400000, 0x0000000770900000, 0x00000007c0000000)
  eden space 65536K, 100% used [0x000000076b400000,0x000000076f400000,0x000000076f400000)
  from space 10752K, 94% used [0x000000076f400000,0x000000076fdf6e80,0x000000076fe80000)
  to   space 10752K, 0% used [0x000000076fe80000,0x000000076fe80000,0x0000000770900000)
 ParOldGen       total 175104K, used 42004K [0x00000006c1c00000, 0x00000006cc700000, 0x000000076b400000)
  object space 175104K, 23% used [0x00000006c1c00000,0x00000006c4505318,0x00000006cc700000)
 Metaspace       used 14526K, capacity 14844K, committed 15104K, reserved 1062912K
  class space    used 1642K, capacity 1740K, committed 1792K, reserved 1048576K
Event: 786.460 GC heap after
Heap after GC invocations=4 (full 0):
 PSYoungGen      total 76288K, used 10187K [0x000000076b400000, 0x0000000770900000, 0x00000007c0000000)
  eden space 65536K, 0% used [0x000000076b400000,0x000000076b400000,0x000000076f400000)
  from space 10752K, 94% used [0x000000076fe80000,0x0000000770872e70,0x0000000770900000)
  to   space 10752K, 0% used [0x000000076f400000,0x000000076f400000,0x000000076fe80000)
 ParOldGen       total 175104K, used 60597K [0x00000006c1c00000, 0x00000006cc700000, 0x000000076b400000)
  object space 175104K, 34% used [0x00000006c1c00000,0x00000006c572d7e8,0x00000006cc700000)
 Metaspace       used 14526K, capacity 14844K, committed 15104K, reserved 1062912K
  class space    used 1642K, capacity 1740K, committed 1792K, reserved 1048576K
}

